prima di mail   -Array
(
    [admin_email] => axred1967@gmail.com
    [contact_email] => rahuljaiswar53@gmail.com
    [mail_host] => smtps.aruba.it
    [mail_uname] => amlapp@euriskoformazione.com
    [mail_port] => 465
    [mail_password] => x300412y
    [mail_secure] => ssl
)

prima di mail   -Array
(
    [admin_email] => axred1967@gmail.com
    [contact_email] => rahuljaiswar53@gmail.com
    [mail_host] => smtps.aruba.it
    [mail_uname] => amlapp@euriskoformazione.com
    [mail_port] => 465
    [mail_password] => x300412y
    [mail_secure] => ssl
)

prima di mail   -Array
(
    [admin_email] => axred1967@gmail.com
    [contact_email] => rahuljaiswar53@gmail.com
    [mail_host] => smtps.aruba.it
    [mail_uname] => amlapp@euriskoformazione.com
    [mail_port] => 465
    [mail_password] => x300412y
    [mail_secure] => ssl
)

prima di mail   -Array
(
    [admin_email] => axred1967@gmail.com
    [contact_email] => rahuljaiswar53@gmail.com
    [mail_host] => smtps.aruba.it
    [mail_uname] => amlapp@euriskoformazione.com
    [mail_port] => 465
    [mail_password] => x300412y
    [mail_secure] => ssl
)

prima di mail   -Array
(
    [admin_email] => axred1967@gmail.com
    [contact_email] => rahuljaiswar53@gmail.com
    [mail_host] => smtps.aruba.it
    [mail_uname] => amlapp@euriskoformazione.com
    [mail_port] => 465
    [mail_password] => x300412y
    [mail_secure] => ssl
)

prima di mail   -Array
(
    [admin_email] => axred1967@gmail.com
    [contact_email] => rahuljaiswar53@gmail.com
    [mail_host] => smtps.aruba.it
    [mail_uname] => amlapp@euriskoformazione.com
    [mail_port] => 465
    [mail_password] => x300412y
    [mail_secure] => ssl
)

prima di mail   -Array
(
    [admin_email] => axred1967@gmail.com
    [contact_email] => rahuljaiswar53@gmail.com
    [mail_host] => smtps.aruba.it
    [mail_uname] => amlapp@euriskoformazione.com
    [mail_port] => 465
    [mail_password] => x300412y
    [mail_secure] => ssl
)

prima di mail   -Array
(
    [admin_email] => axred1967@gmail.com
    [contact_email] => rahuljaiswar53@gmail.com
    [mail_host] => smtps.aruba.it
    [mail_uname] => amlapp@euriskoformazione.com
    [mail_port] => 465
    [mail_password] => x300412y
    [mail_secure] => ssl
)

prima di mail   -Array
(
    [admin_email] => axred1967@gmail.com
    [contact_email] => rahuljaiswar53@gmail.com
    [mail_host] => smtps.aruba.it
    [mail_uname] => amlapp@euriskoformazione.com
    [mail_port] => 465
    [mail_password] => x300412y
    [mail_secure] => ssl
)

prima di mail   -Array
(
    [admin_email] => axred1967@gmail.com
    [contact_email] => rahuljaiswar53@gmail.com
    [mail_host] => smtps.aruba.it
    [mail_uname] => amlapp@euriskoformazione.com
    [mail_port] => 465
    [mail_password] => x300412y
    [mail_secure] => ssl
)

prima di mail   -Array
(
    [admin_email] => axred1967@gmail.com
    [contact_email] => rahuljaiswar53@gmail.com
    [mail_host] => smtps.aruba.it
    [mail_uname] => amlapp@euriskoformazione.com
    [mail_port] => 465
    [mail_password] => x300412y
    [mail_secure] => ssl
)

prima di mail   -Array
(
    [admin_email] => axred1967@gmail.com
    [contact_email] => rahuljaiswar53@gmail.com
    [mail_host] => smtps.aruba.it
    [mail_uname] => amlapp@euriskoformazione.com
    [mail_port] => 465
    [mail_password] => x300412y
    [mail_secure] => ssl
)

prima di mail   -Array
(
    [admin_email] => axred1967@gmail.com
    [contact_email] => rahuljaiswar53@gmail.com
    [mail_host] => smtps.aruba.it
    [mail_uname] => amlapp@euriskoformazione.com
    [mail_port] => 465
    [mail_password] => x300412y
    [mail_secure] => ssl
)

prima di mail   -Array
(
    [admin_email] => axred1967@gmail.com
    [contact_email] => rahuljaiswar53@gmail.com
    [mail_host] => smtps.aruba.it
    [mail_uname] => amlapp@euriskoformazione.com
    [mail_port] => 465
    [mail_password] => x300412y
    [mail_secure] => ssl
)

prima di mail   -Array
(
    [admin_email] => axred1967@gmail.com
    [contact_email] => rahuljaiswar53@gmail.com
    [mail_host] => smtps.aruba.it
    [mail_uname] => amlapp@euriskoformazione.com
    [mail_port] => 465
    [mail_password] => x300412y
    [mail_secure] => ssl
)

prima di mail   -Array
(
    [admin_email] => axred1967@gmail.com
    [contact_email] => rahuljaiswar53@gmail.com
    [mail_host] => smtps.aruba.it
    [mail_uname] => amlapp@euriskoformazione.com
    [mail_port] => 465
    [mail_password] => x300412y
    [mail_secure] => ssl
)

prima di mail   -Array
(
    [admin_email] => axred1967@gmail.com
    [contact_email] => rahuljaiswar53@gmail.com
    [mail_host] => smtps.aruba.it
    [mail_uname] => amlapp@euriskoformazione.com
    [mail_port] => 465
    [mail_password] => x300412y
    [mail_secure] => ssl
)

prima di mail   -Array
(
    [admin_email] => axred1967@gmail.com
    [contact_email] => rahuljaiswar53@gmail.com
    [mail_host] => smtps.aruba.it
    [mail_uname] => amlapp@euriskoformazione.com
    [mail_port] => 465
    [mail_password] => x300412y
    [mail_secure] => ssl
)

prima di mail   -Array
(
    [admin_email] => axred1967@gmail.com
    [contact_email] => rahuljaiswar53@gmail.com
    [mail_host] => smtps.aruba.it
    [mail_uname] => amlapp@euriskoformazione.com
    [mail_port] => 465
    [mail_password] => x300412y
    [mail_secure] => ssl
)

prima di mail   -Array
(
    [admin_email] => axred1967@gmail.com
    [contact_email] => rahuljaiswar53@gmail.com
    [mail_host] => smtps.aruba.it
    [mail_uname] => amlapp@euriskoformazione.com
    [mail_port] => 465
    [mail_password] => x300412y
    [mail_secure] => ssl
)

prima di mail   -Array
(
    [admin_email] => axred1967@gmail.com
    [contact_email] => rahuljaiswar53@gmail.com
    [mail_host] => smtps.aruba.it
    [mail_uname] => amlapp@euriskoformazione.com
    [mail_port] => 465
    [mail_password] => x300412y
    [mail_secure] => ssl
)

prima di mail   -Array
(
    [admin_email] => axred1967@gmail.com
    [contact_email] => rahuljaiswar53@gmail.com
    [mail_host] => smtps.aruba.it
    [mail_uname] => amlapp@euriskoformazione.com
    [mail_port] => 465
    [mail_password] => x300412y
    [mail_secure] => ssl
)

prima di mail   -Array
(
    [admin_email] => axred1967@gmail.com
    [contact_email] => rahuljaiswar53@gmail.com
    [mail_host] => smtps.aruba.it
    [mail_uname] => amlapp@euriskoformazione.com
    [mail_port] => 465
    [mail_password] => x300412y
    [mail_secure] => ssl
)

